#! /opt/local/bin/vvp
:ivl_version "10.1 (stable)" "(v10_1_1)";
:ivl_delay_selection "TYPICAL";
:vpi_time_precision + 0;
:vpi_module "system";
:vpi_module "vhdl_sys";
:vpi_module "v2005_math";
:vpi_module "va_math";
S_0x7fc56ee00040 .scope module, "top" "top" 2 1;
 .timescale 0 0;
v0x7fc56ee10700_0 .var "A", 0 0;
v0x7fc56ee107a0_0 .var "B", 0 0;
v0x7fc56ee10850_0 .net "C", 0 0, L_0x7fc56ee10c60;  1 drivers
v0x7fc56ee10920_0 .var "CLK", 0 0;
v0x7fc56ee109b0_0 .var "RST", 0 0;
v0x7fc56ee10a80_0 .net "S", 0 0, L_0x7fc56ee10b10;  1 drivers
E_0x7fc56ee001b0 .event posedge, v0x7fc56ee10920_0;
S_0x7fc56ee001e0 .scope module, "ha" "half_adder" 2 8, 3 1 0, S_0x7fc56ee00040;
 .timescale 0 0;
    .port_info 0 /INPUT 1 "A"
    .port_info 1 /INPUT 1 "B"
    .port_info 2 /OUTPUT 1 "S"
    .port_info 3 /OUTPUT 1 "C"
L_0x7fc56ee10b10 .functor XOR 1, v0x7fc56ee10700_0, v0x7fc56ee107a0_0, C4<0>, C4<0>;
L_0x7fc56ee10c60 .functor AND 1, v0x7fc56ee10700_0, v0x7fc56ee107a0_0, C4<1>, C4<1>;
v0x7fc56ee00400_0 .net "A", 0 0, v0x7fc56ee10700_0;  1 drivers
v0x7fc56ee104b0_0 .net "B", 0 0, v0x7fc56ee107a0_0;  1 drivers
v0x7fc56ee10550_0 .net "C", 0 0, L_0x7fc56ee10c60;  alias, 1 drivers
v0x7fc56ee10600_0 .net "S", 0 0, L_0x7fc56ee10b10;  alias, 1 drivers
    .scope S_0x7fc56ee00040;
T_0 ;
    %pushi/vec4 0, 0, 1;
    %store/vec4 v0x7fc56ee10920_0, 0, 1;
T_0.0 ;
    %delay 10, 0;
    %load/vec4 v0x7fc56ee10920_0;
    %inv;
    %store/vec4 v0x7fc56ee10920_0, 0, 1;
    %jmp T_0.0;
    %end;
    .thread T_0;
    .scope S_0x7fc56ee00040;
T_1 ;
    %pushi/vec4 0, 0, 1;
    %store/vec4 v0x7fc56ee109b0_0, 0, 1;
    %delay 30, 0;
    %pushi/vec4 1, 0, 1;
    %store/vec4 v0x7fc56ee109b0_0, 0, 1;
    %end;
    .thread T_1;
    .scope S_0x7fc56ee00040;
T_2 ;
    %pushi/vec4 0, 0, 1;
    %store/vec4 v0x7fc56ee10700_0, 0, 1;
T_2.0 ;
    %delay 20, 0;
    %load/vec4 v0x7fc56ee10700_0;
    %inv;
    %store/vec4 v0x7fc56ee10700_0, 0, 1;
    %jmp T_2.0;
    %end;
    .thread T_2;
    .scope S_0x7fc56ee00040;
T_3 ;
    %pushi/vec4 0, 0, 1;
    %store/vec4 v0x7fc56ee107a0_0, 0, 1;
T_3.0 ;
    %delay 40, 0;
    %load/vec4 v0x7fc56ee107a0_0;
    %inv;
    %store/vec4 v0x7fc56ee107a0_0, 0, 1;
    %jmp T_3.0;
    %end;
    .thread T_3;
    .scope S_0x7fc56ee00040;
T_4 ;
    %delay 500, 0;
    %vpi_call 2 31 "$finish" {0 0 0};
    %end;
    .thread T_4;
    .scope S_0x7fc56ee00040;
T_5 ;
    %wait E_0x7fc56ee001b0;
    %vpi_call 2 35 "$write", "[%t] A=%b B=%b C=%b S=%b\012", $time, v0x7fc56ee10700_0, v0x7fc56ee107a0_0, v0x7fc56ee10850_0, v0x7fc56ee10a80_0 {0 0 0};
    %jmp T_5;
    .thread T_5;
    .scope S_0x7fc56ee00040;
T_6 ;
    %vpi_call 2 39 "$dumpfile", "test.vcd" {0 0 0};
    %vpi_call 2 40 "$dumpvars", 32'sb00000000000000000000000000000000, S_0x7fc56ee001e0 {0 0 0};
    %end;
    .thread T_6;
# The file index is used to find the file name in the following table.
:file_names 4;
    "N/A";
    "<interactive>";
    "test.v";
    "ha.v";
